*** Using Compiler 'V5.06 update 7 (build 960)', folder: 'D:\STM32Pro\MDK5\Core\ARM\ARMCC\Bin'
Rebuild target 'Gimbal'
compiling Detect_Task.c...
compiling Vision_Task.c...
compiling api_trajectory.c...
compiling crc.c...
compiling INS_Task.c...
compiling api_quaternion.c...
compiling lpf.c...
compiling ramp.c...
compiling pid.c...
compiling kalman.c...
compiling bmi088.c...
compiling referee_info.c...
compiling remote_control.c...
compiling bsp_tick.c...
compiling bsp_spi.c...
compiling bsp_dwt.c...
compiling bsp_tim.c...
compiling bsp_gpio.c...
compiling bsp_uart.c...
compiling minipc.c...
compiling gpio.c...
compiling motor.c...
compiling Control_Task.c...
..\Application\Tasks\Src\Control_Task.c(31): error:  #146: too many initializer values
  static float Trigger_PID_Param ={13.f,0.1f,0,0,2000,12000};
..\Application\Tasks\Src\Control_Task.c(46): warning:  #188-D: enumerated type mixed with another type
    PID_Init(&Trigger_PID,Trigger_PID_Param);
..\Application\Tasks\Src\Control_Task.c(46): error:  #165: too few arguments in function call
    PID_Init(&Trigger_PID,Trigger_PID_Param);
..\Application\Tasks\Src\Control_Task.c: 1 warning, 2 errors
compiling bsp_mcu.c...
assembling startup_stm32f407xx.s...
compiling CAN_Task.c...
compiling croutine.c...
compiling event_groups.c...
compiling list.c...
compiling bsp_can.c...
compiling queue.c...
compiling stream_buffer.c...
compiling main.c...
compiling tasks.c...
compiling timers.c...
compiling heap_4.c...
compiling cmsis_os.c...
compiling port.c...
compiling stm32f4xx_it.c...
compiling tim.c...
compiling can.c...
compiling spi.c...
compiling stm32f4xx_hal_msp.c...
compiling stm32f4xx_hal_timebase_tim.c...
compiling system_stm32f4xx.c...
compiling stm32f4xx_hal_pcd_ex.c...
compiling usart.c...
compiling stm32f4xx_hal_pcd.c...
compiling dma.c...
compiling freertos.c...
compiling stm32f4xx_ll_usb.c...
compiling stm32f4xx_hal_rcc.c...
compiling stm32f4xx_hal_pwr_ex.c...
compiling stm32f4xx_hal_flash_ramfunc.c...
compiling stm32f4xx_hal_pwr.c...
compiling stm32f4xx_hal_cortex.c...
compiling stm32f4xx_hal_flash_ex.c...
compiling stm32f4xx_hal_exti.c...
compiling stm32f4xx_hal_flash.c...
compiling stm32f4xx_hal_dma.c...
compiling stm32f4xx_hal_gpio.c...
compiling stm32f4xx_hal_can.c...
compiling stm32f4xx_hal.c...
compiling stm32f4xx_hal_dma_ex.c...
compiling stm32f4xx_hal_rcc_ex.c...
compiling stm32f4xx_hal_spi.c...
compiling usbd_ctlreq.c...
compiling usbd_ioreq.c...
compiling usbd_desc.c...
compiling usbd_cdc_if.c...
compiling stm32f4xx_hal_tim_ex.c...
compiling usb_device.c...
compiling usbd_core.c...
compiling usbd_conf.c...
compiling usbd_cdc.c...
compiling stm32f4xx_hal_uart.c...
compiling stm32f4xx_hal_tim.c...
".\HAL_Template\HAL_Template.axf" - 2 Error(s), 1 Warning(s).
Target not created.
Build Time Elapsed:  00:00:21
